2019-12-14 5:04:49 - addorder called
2019-12-14 5:04:49 - Array
(
    [user_id] => 80
    [lumpsum] => 0
    [store_id] => 46
    [payment_method] => Tagged
    [company] => dscl
    [customer_mob] => 55566
    [GROWER_NAME] => vikah
    [username] => dscl
    [affiliate_id] => 0
    [utype] => 36
    [card_no] => 110230354367
    [prdsub] => 512
    [CARD_UNIT] => 1
    [CARD_COMPANY] => 1
    [growercode] => 732100028
    [growername] => CHANDRA BHAL
    [vname] => PARSEHARA
    [vcode] => 7321
)

2019-12-14 5:04:49 - before call to GetGrowerCardMob
2019-12-14 5:04:49 - ÖO';ªËPP²GO/×
2019-12-14 5:04:49 - 1
2019-12-14 5:06:56 - 
2019-12-14 5:48:25 - addorder called
2019-12-14 5:48:25 - Array
(
    [user_id] => 80
    [lumpsum] => 0
    [store_id] => 46
    [payment_method] => Tagged
    [company] => dscl
    [customer_mob] => 55566
    [GROWER_NAME] => vikah
    [username] => dscl
    [affiliate_id] => 0
    [utype] => 36
    [card_no] => 110230354367
    [prdsub] => 512
    [CARD_UNIT] => 1
    [CARD_COMPANY] => 1
    [growercode] => 732100028
    [growername] => CHANDRA BHAL
    [vname] => PARSEHARA
    [vcode] => 7321
    [unit_id] => 1
)

2019-12-14 5:48:25 - before call to GetGrowerCardMob
2019-12-14 5:48:25 - ÖO';ªËPP²GO/×
2019-12-14 5:48:25 - 1
2019-12-14 5:50:33 - 
