2019-12-14 5:04:49 - Array
(
    [user_id] => 80
    [lumpsum] => 0
    [store_id] => 46
    [payment_method] => Tagged
    [company] => dscl
    [customer_mob] => 55566
    [GROWER_NAME] => vikah
    [username] => dscl
    [affiliate_id] => 0
    [utype] => 36
    [card_no] => 110230354367
    [prdsub] => 512
    [CARD_UNIT] => 1
    [CARD_COMPANY] => 1
    [growercode] => 732100028
    [growername] => CHANDRA BHAL
    [vname] => PARSEHARA
    [vcode] => 7321
    [grower_id] => ÖO';ªËPP²GO/×
    [unit_id] => 1
)

2019-12-14 5:04:49 - <gid>UKBHLCrIuScFD/xdYZMVD4Q9WoqLUlAhAmNy37V52dc=</gid><uid>b1hNw/BV0eGToCiQd23fyA==</uid>
2019-12-14 5:04:49 - http://1.22.91.231/akshamob/service.asmx?op=GetGrowerNo
2019-12-14 5:06:56 - Error for method GetGrowerNo
2019-12-14 5:06:56 - Failed to connect to 1.22.91.231 port 80: Connection timed out
2019-12-14 5:06:56 - actual response from the dscl web service is for method GetGrowerNo
2019-12-14 5:06:56 - 
2019-12-14 5:06:56 - 
2019-12-14 5:48:25 - Array
(
    [user_id] => 80
    [lumpsum] => 0
    [store_id] => 46
    [payment_method] => Tagged
    [company] => dscl
    [customer_mob] => 55566
    [GROWER_NAME] => vikah
    [username] => dscl
    [affiliate_id] => 0
    [utype] => 36
    [card_no] => 110230354367
    [prdsub] => 512
    [CARD_UNIT] => 1
    [CARD_COMPANY] => 1
    [growercode] => 732100028
    [growername] => CHANDRA BHAL
    [vname] => PARSEHARA
    [vcode] => 7321
    [unit_id] => 1
    [grower_id] => ÖO';ªËPP²GO/×
)

2019-12-14 5:48:25 - <gid>UKBHLCrIuScFD/xdYZMVD4Q9WoqLUlAhAmNy37V52dc=</gid><uid>b1hNw/BV0eGToCiQd23fyA==</uid>
2019-12-14 5:48:25 - http://1.22.91.231/akshamob/service.asmx?op=GetGrowerNo
2019-12-14 5:50:33 - Error for method GetGrowerNo
2019-12-14 5:50:33 - Failed to connect to 1.22.91.231 port 80: Connection timed out
2019-12-14 5:50:33 - actual response from the dscl web service is for method GetGrowerNo
2019-12-14 5:50:33 - 
2019-12-14 5:50:33 - 
