2019-12-13 6:19:55 - SELECT tr1.tax_class_id, tr2.tax_rate_id, tr2.name, tr2.rate, tr2.type, tr1.priority FROM oc_tax_rule tr1 LEFT JOIN oc_tax_rate tr2 ON (tr1.tax_rate_id = tr2.tax_rate_id) INNER JOIN oc_tax_rate_to_customer_group tr2cg ON (tr2.tax_rate_id = tr2cg.tax_rate_id) LEFT JOIN oc_zone_to_geo_zone z2gz ON (tr2.geo_zone_id = z2gz.geo_zone_id) LEFT JOIN oc_geo_zone gz ON (tr2.geo_zone_id = gz.geo_zone_id) WHERE tr1.based = 'store' AND tr2cg.customer_group_id = '1' AND z2gz.country_id = '99' AND (z2gz.zone_id = '0' OR z2gz.zone_id = '1505') ORDER BY tr1.priority ASC
2019-12-13 6:19:55 - Array
(
    [11] => Array
        (
            [86] => Array
                (
                    [tax_rate_id] => 86
                    [name] => UP-DAP-VAT
                    [rate] => 6.0000
                    [type] => F
                    [priority] => 0
                )

        )

    [9] => Array
        (
            [87] => Array
                (
                    [tax_rate_id] => 87
                    [name] => UP-VAT
                    [rate] => 5.0000
                    [type] => P
                    [priority] => 0
                )

        )

    [13] => Array
        (
            [88] => Array
                (
                    [tax_rate_id] => 88
                    [name] => UP-VAT-FORMULA
                    [rate] => 14.0000
                    [type] => F
                    [priority] => 0
                )

        )

    [14] => Array
        (
            [89] => Array
                (
                    [tax_rate_id] => 89
                    [name] => GST@5%
                    [rate] => 5.0000
                    [type] => P
                    [priority] => 0
                )

        )

    [15] => Array
        (
            [90] => Array
                (
                    [tax_rate_id] => 90
                    [name] => GST@12%
                    [rate] => 12.0000
                    [type] => P
                    [priority] => 0
                )

        )

    [16] => Array
        (
            [91] => Array
                (
                    [tax_rate_id] => 91
                    [name] => GST@18%
                    [rate] => 18.0000
                    [type] => P
                    [priority] => 0
                )

        )

    [17] => Array
        (
            [92] => Array
                (
                    [tax_rate_id] => 92
                    [name] => GST@28%
                    [rate] => 28.0000
                    [type] => P
                    [priority] => 0
                )

        )

    [12] => Array
        (
            [93] => Array
                (
                    [tax_rate_id] => 93
                    [name] => NO-TAX
                    [rate] => 0.0000
                    [type] => F
                    [priority] => 0
                )

        )

)

2019-12-13 6:20:58 - SELECT tr1.tax_class_id, tr2.tax_rate_id, tr2.name, tr2.rate, tr2.type, tr1.priority FROM oc_tax_rule tr1 LEFT JOIN oc_tax_rate tr2 ON (tr1.tax_rate_id = tr2.tax_rate_id) INNER JOIN oc_tax_rate_to_customer_group tr2cg ON (tr2.tax_rate_id = tr2cg.tax_rate_id) LEFT JOIN oc_zone_to_geo_zone z2gz ON (tr2.geo_zone_id = z2gz.geo_zone_id) LEFT JOIN oc_geo_zone gz ON (tr2.geo_zone_id = gz.geo_zone_id) WHERE tr1.based = 'store' AND tr2cg.customer_group_id = '1' AND z2gz.country_id = '99' AND (z2gz.zone_id = '0' OR z2gz.zone_id = '1505') ORDER BY tr1.priority ASC
2019-12-13 6:20:58 - Array
(
    [11] => Array
        (
            [86] => Array
                (
                    [tax_rate_id] => 86
                    [name] => UP-DAP-VAT
                    [rate] => 6.0000
                    [type] => F
                    [priority] => 0
                )

        )

    [9] => Array
        (
            [87] => Array
                (
                    [tax_rate_id] => 87
                    [name] => UP-VAT
                    [rate] => 5.0000
                    [type] => P
                    [priority] => 0
                )

        )

    [13] => Array
        (
            [88] => Array
                (
                    [tax_rate_id] => 88
                    [name] => UP-VAT-FORMULA
                    [rate] => 14.0000
                    [type] => F
                    [priority] => 0
                )

        )

    [14] => Array
        (
            [89] => Array
                (
                    [tax_rate_id] => 89
                    [name] => GST@5%
                    [rate] => 5.0000
                    [type] => P
                    [priority] => 0
                )

        )

    [15] => Array
        (
            [90] => Array
                (
                    [tax_rate_id] => 90
                    [name] => GST@12%
                    [rate] => 12.0000
                    [type] => P
                    [priority] => 0
                )

        )

    [16] => Array
        (
            [91] => Array
                (
                    [tax_rate_id] => 91
                    [name] => GST@18%
                    [rate] => 18.0000
                    [type] => P
                    [priority] => 0
                )

        )

    [17] => Array
        (
            [92] => Array
                (
                    [tax_rate_id] => 92
                    [name] => GST@28%
                    [rate] => 28.0000
                    [type] => P
                    [priority] => 0
                )

        )

    [12] => Array
        (
            [93] => Array
                (
                    [tax_rate_id] => 93
                    [name] => NO-TAX
                    [rate] => 0.0000
                    [type] => F
                    [priority] => 0
                )

        )

)

2019-12-13 6:26:01 - SELECT tr1.tax_class_id, tr2.tax_rate_id, tr2.name, tr2.rate, tr2.type, tr1.priority FROM oc_tax_rule tr1 LEFT JOIN oc_tax_rate tr2 ON (tr1.tax_rate_id = tr2.tax_rate_id) INNER JOIN oc_tax_rate_to_customer_group tr2cg ON (tr2.tax_rate_id = tr2cg.tax_rate_id) LEFT JOIN oc_zone_to_geo_zone z2gz ON (tr2.geo_zone_id = z2gz.geo_zone_id) LEFT JOIN oc_geo_zone gz ON (tr2.geo_zone_id = gz.geo_zone_id) WHERE tr1.based = 'store' AND tr2cg.customer_group_id = '1' AND z2gz.country_id = '99' AND (z2gz.zone_id = '0' OR z2gz.zone_id = '1505') ORDER BY tr1.priority ASC
2019-12-13 6:26:01 - Array
(
    [11] => Array
        (
            [86] => Array
                (
                    [tax_rate_id] => 86
                    [name] => UP-DAP-VAT
                    [rate] => 6.0000
                    [type] => F
                    [priority] => 0
                )

        )

    [9] => Array
        (
            [87] => Array
                (
                    [tax_rate_id] => 87
                    [name] => UP-VAT
                    [rate] => 5.0000
                    [type] => P
                    [priority] => 0
                )

        )

    [13] => Array
        (
            [88] => Array
                (
                    [tax_rate_id] => 88
                    [name] => UP-VAT-FORMULA
                    [rate] => 14.0000
                    [type] => F
                    [priority] => 0
                )

        )

    [14] => Array
        (
            [89] => Array
                (
                    [tax_rate_id] => 89
                    [name] => GST@5%
                    [rate] => 5.0000
                    [type] => P
                    [priority] => 0
                )

        )

    [15] => Array
        (
            [90] => Array
                (
                    [tax_rate_id] => 90
                    [name] => GST@12%
                    [rate] => 12.0000
                    [type] => P
                    [priority] => 0
                )

        )

    [16] => Array
        (
            [91] => Array
                (
                    [tax_rate_id] => 91
                    [name] => GST@18%
                    [rate] => 18.0000
                    [type] => P
                    [priority] => 0
                )

        )

    [17] => Array
        (
            [92] => Array
                (
                    [tax_rate_id] => 92
                    [name] => GST@28%
                    [rate] => 28.0000
                    [type] => P
                    [priority] => 0
                )

        )

    [12] => Array
        (
            [93] => Array
                (
                    [tax_rate_id] => 93
                    [name] => NO-TAX
                    [rate] => 0.0000
                    [type] => F
                    [priority] => 0
                )

        )

)

2019-12-13 6:28:43 - SELECT tr1.tax_class_id, tr2.tax_rate_id, tr2.name, tr2.rate, tr2.type, tr1.priority FROM oc_tax_rule tr1 LEFT JOIN oc_tax_rate tr2 ON (tr1.tax_rate_id = tr2.tax_rate_id) INNER JOIN oc_tax_rate_to_customer_group tr2cg ON (tr2.tax_rate_id = tr2cg.tax_rate_id) LEFT JOIN oc_zone_to_geo_zone z2gz ON (tr2.geo_zone_id = z2gz.geo_zone_id) LEFT JOIN oc_geo_zone gz ON (tr2.geo_zone_id = gz.geo_zone_id) WHERE tr1.based = 'store' AND tr2cg.customer_group_id = '1' AND z2gz.country_id = '99' AND (z2gz.zone_id = '0' OR z2gz.zone_id = '1505') ORDER BY tr1.priority ASC
2019-12-13 6:28:43 - Array
(
    [11] => Array
        (
            [86] => Array
                (
                    [tax_rate_id] => 86
                    [name] => UP-DAP-VAT
                    [rate] => 6.0000
                    [type] => F
                    [priority] => 0
                )

        )

    [9] => Array
        (
            [87] => Array
                (
                    [tax_rate_id] => 87
                    [name] => UP-VAT
                    [rate] => 5.0000
                    [type] => P
                    [priority] => 0
                )

        )

    [13] => Array
        (
            [88] => Array
                (
                    [tax_rate_id] => 88
                    [name] => UP-VAT-FORMULA
                    [rate] => 14.0000
                    [type] => F
                    [priority] => 0
                )

        )

    [14] => Array
        (
            [89] => Array
                (
                    [tax_rate_id] => 89
                    [name] => GST@5%
                    [rate] => 5.0000
                    [type] => P
                    [priority] => 0
                )

        )

    [15] => Array
        (
            [90] => Array
                (
                    [tax_rate_id] => 90
                    [name] => GST@12%
                    [rate] => 12.0000
                    [type] => P
                    [priority] => 0
                )

        )

    [16] => Array
        (
            [91] => Array
                (
                    [tax_rate_id] => 91
                    [name] => GST@18%
                    [rate] => 18.0000
                    [type] => P
                    [priority] => 0
                )

        )

    [17] => Array
        (
            [92] => Array
                (
                    [tax_rate_id] => 92
                    [name] => GST@28%
                    [rate] => 28.0000
                    [type] => P
                    [priority] => 0
                )

        )

    [12] => Array
        (
            [93] => Array
                (
                    [tax_rate_id] => 93
                    [name] => NO-TAX
                    [rate] => 0.0000
                    [type] => F
                    [priority] => 0
                )

        )

)

